  [1m[36m (3.8ms)[0m  [1mCREATE TABLE "schema_migrations" ("version" character varying(255) NOT NULL) [0m
  [1m[35m (1.6ms)[0m  CREATE UNIQUE INDEX  "unique_schema_migrations" ON "schema_migrations"  ("version")
  [1m[36mActiveRecord::SchemaMigration Load (0.7ms)[0m  [1mSELECT "schema_migrations".* FROM "schema_migrations"[0m
  [1m[36mActiveRecord::SchemaMigration Load (0.6ms)[0m  [1mSELECT "schema_migrations".* FROM "schema_migrations"[0m
Migrating to CreatePosts (20141215180110)
  [1m[35m (0.9ms)[0m  BEGIN
  [1m[36m (23.0ms)[0m  [1mCREATE TABLE "posts" ("id" serial primary key, "title" character varying(255) NOT NULL, "description" text NOT NULL, "created_at" timestamp, "updated_at" timestamp) [0m
  [1m[35mSQL (1.6ms)[0m  INSERT INTO "schema_migrations" ("version") VALUES ($1)  [["version", "20141215180110"]]
  [1m[36m (1.0ms)[0m  [1mCOMMIT[0m
  [1m[35mActiveRecord::SchemaMigration Load (0.3ms)[0m  SELECT "schema_migrations".* FROM "schema_migrations"
  [1m[36mActiveRecord::SchemaMigration Load (0.4ms)[0m  [1mSELECT "schema_migrations".* FROM "schema_migrations"[0m
  [1m[35mActiveRecord::SchemaMigration Load (0.2ms)[0m  SELECT "schema_migrations".* FROM "schema_migrations"
Migrating to CreatePosts (20141215180110)
  [1m[36m (0.1ms)[0m  [1mBEGIN[0m
  [1m[35m (6.6ms)[0m  DROP TABLE "posts"
  [1m[36mSQL (2.8ms)[0m  [1mDELETE FROM "schema_migrations" WHERE "schema_migrations"."version" = '20141215180110'[0m
  [1m[35m (1.3ms)[0m  COMMIT
  [1m[36mActiveRecord::SchemaMigration Load (0.2ms)[0m  [1mSELECT "schema_migrations".* FROM "schema_migrations"[0m
  [1m[36mActiveRecord::SchemaMigration Load (0.7ms)[0m  [1mSELECT "schema_migrations".* FROM "schema_migrations"[0m
Migrating to CreatePosts (20141215180110)
  [1m[35m (0.1ms)[0m  BEGIN
  [1m[36m (6.4ms)[0m  [1mCREATE TABLE "posts" ("id" serial primary key, "title" character varying(255) NOT NULL, "description" text NOT NULL, "created_at" timestamp, "updated_at" timestamp) [0m
  [1m[35mSQL (0.3ms)[0m  INSERT INTO "schema_migrations" ("version") VALUES ($1)  [["version", "20141215180110"]]
  [1m[36m (0.6ms)[0m  [1mCOMMIT[0m
  [1m[35mActiveRecord::SchemaMigration Load (0.4ms)[0m  SELECT "schema_migrations".* FROM "schema_migrations"


Started GET "/" for 127.0.0.1 at 2014-12-15 13:14:17 -0500
  [1m[36mActiveRecord::SchemaMigration Load (0.5ms)[0m  [1mSELECT "schema_migrations".* FROM "schema_migrations"[0m
Processing by Rails::WelcomeController#index as HTML
  Rendered /Users/cxp/.gem/ruby/2.0.0/gems/railties-4.1.8/lib/rails/templates/rails/welcome/index.html.erb (1.7ms)
Completed 200 OK in 20ms (Views: 9.7ms | ActiveRecord: 0.0ms)


Started GET "/rails/info/properties" for 127.0.0.1 at 2014-12-15 13:14:19 -0500
Processing by Rails::InfoController#properties as */*
  [1m[35mActiveRecord::SchemaMigration Load (0.3ms)[0m  SELECT "schema_migrations".* FROM "schema_migrations"
  Rendered /Users/cxp/.gem/ruby/2.0.0/gems/railties-4.1.8/lib/rails/templates/rails/info/properties.html.erb (0.4ms)
Completed 200 OK in 14ms (Views: 8.4ms | ActiveRecord: 1.1ms)


Started GET "/posts" for 127.0.0.1 at 2014-12-15 13:14:23 -0500

ActionController::RoutingError (No route matches [GET] "/posts"):
  actionpack (4.1.8) lib/action_dispatch/middleware/debug_exceptions.rb:21:in `call'
  actionpack (4.1.8) lib/action_dispatch/middleware/show_exceptions.rb:30:in `call'
  railties (4.1.8) lib/rails/rack/logger.rb:38:in `call_app'
  railties (4.1.8) lib/rails/rack/logger.rb:20:in `block in call'
  activesupport (4.1.8) lib/active_support/tagged_logging.rb:68:in `block in tagged'
  activesupport (4.1.8) lib/active_support/tagged_logging.rb:26:in `tagged'
  activesupport (4.1.8) lib/active_support/tagged_logging.rb:68:in `tagged'
  railties (4.1.8) lib/rails/rack/logger.rb:20:in `call'
  actionpack (4.1.8) lib/action_dispatch/middleware/request_id.rb:21:in `call'
  rack (1.5.2) lib/rack/methodoverride.rb:21:in `call'
  rack (1.5.2) lib/rack/runtime.rb:17:in `call'
  activesupport (4.1.8) lib/active_support/cache/strategy/local_cache_middleware.rb:26:in `call'
  rack (1.5.2) lib/rack/lock.rb:17:in `call'
  actionpack (4.1.8) lib/action_dispatch/middleware/static.rb:84:in `call'
  rack (1.5.2) lib/rack/sendfile.rb:112:in `call'
  railties (4.1.8) lib/rails/engine.rb:514:in `call'
  railties (4.1.8) lib/rails/application.rb:144:in `call'
  rack (1.5.2) lib/rack/lock.rb:17:in `call'
  rack (1.5.2) lib/rack/content_length.rb:14:in `call'
  rack (1.5.2) lib/rack/handler/webrick.rb:60:in `service'
  /Users/cxp/.rubies/ruby-2.0.0-p451/lib/ruby/2.0.0/webrick/httpserver.rb:138:in `service'
  /Users/cxp/.rubies/ruby-2.0.0-p451/lib/ruby/2.0.0/webrick/httpserver.rb:94:in `run'
  /Users/cxp/.rubies/ruby-2.0.0-p451/lib/ruby/2.0.0/webrick/server.rb:295:in `block in start_thread'


  Rendered /Users/cxp/.gem/ruby/2.0.0/gems/actionpack-4.1.8/lib/action_dispatch/middleware/templates/rescues/_trace.html.erb (1.1ms)
  Rendered /Users/cxp/.gem/ruby/2.0.0/gems/actionpack-4.1.8/lib/action_dispatch/middleware/templates/routes/_table.html.erb (7.0ms)
  Rendered /Users/cxp/.gem/ruby/2.0.0/gems/actionpack-4.1.8/lib/action_dispatch/middleware/templates/rescues/routing_error.html.erb within rescues/layout (22.7ms)


Started GET "/posts" for 127.0.0.1 at 2014-12-15 14:01:32 -0500
  [1m[36mActiveRecord::SchemaMigration Load (0.5ms)[0m  [1mSELECT "schema_migrations".* FROM "schema_migrations"[0m

ActionController::RoutingError (uninitialized constant PostController):
  activesupport (4.1.8) lib/active_support/inflector/methods.rb:238:in `const_get'
  activesupport (4.1.8) lib/active_support/inflector/methods.rb:238:in `block in constantize'
  activesupport (4.1.8) lib/active_support/inflector/methods.rb:236:in `each'
  activesupport (4.1.8) lib/active_support/inflector/methods.rb:236:in `inject'
  activesupport (4.1.8) lib/active_support/inflector/methods.rb:236:in `constantize'
  actionpack (4.1.8) lib/action_dispatch/routing/route_set.rb:78:in `controller_reference'
  actionpack (4.1.8) lib/action_dispatch/routing/route_set.rb:68:in `controller'
  actionpack (4.1.8) lib/action_dispatch/routing/route_set.rb:46:in `call'
  actionpack (4.1.8) lib/action_dispatch/journey/router.rb:73:in `block in call'
  actionpack (4.1.8) lib/action_dispatch/journey/router.rb:59:in `each'
  actionpack (4.1.8) lib/action_dispatch/journey/router.rb:59:in `call'
  actionpack (4.1.8) lib/action_dispatch/routing/route_set.rb:678:in `call'
  rack (1.5.2) lib/rack/etag.rb:23:in `call'
  rack (1.5.2) lib/rack/conditionalget.rb:25:in `call'
  rack (1.5.2) lib/rack/head.rb:11:in `call'
  actionpack (4.1.8) lib/action_dispatch/middleware/params_parser.rb:27:in `call'
  actionpack (4.1.8) lib/action_dispatch/middleware/flash.rb:254:in `call'
  rack (1.5.2) lib/rack/session/abstract/id.rb:225:in `context'
  rack (1.5.2) lib/rack/session/abstract/id.rb:220:in `call'
  actionpack (4.1.8) lib/action_dispatch/middleware/cookies.rb:560:in `call'
  activerecord (4.1.8) lib/active_record/query_cache.rb:36:in `call'
  activerecord (4.1.8) lib/active_record/connection_adapters/abstract/connection_pool.rb:621:in `call'
  activerecord (4.1.8) lib/active_record/migration.rb:380:in `call'
  actionpack (4.1.8) lib/action_dispatch/middleware/callbacks.rb:29:in `block in call'
  activesupport (4.1.8) lib/active_support/callbacks.rb:82:in `run_callbacks'
  actionpack (4.1.8) lib/action_dispatch/middleware/callbacks.rb:27:in `call'
  actionpack (4.1.8) lib/action_dispatch/middleware/reloader.rb:73:in `call'
  actionpack (4.1.8) lib/action_dispatch/middleware/remote_ip.rb:76:in `call'
  actionpack (4.1.8) lib/action_dispatch/middleware/debug_exceptions.rb:17:in `call'
  actionpack (4.1.8) lib/action_dispatch/middleware/show_exceptions.rb:30:in `call'
  railties (4.1.8) lib/rails/rack/logger.rb:38:in `call_app'
  railties (4.1.8) lib/rails/rack/logger.rb:20:in `block in call'
  activesupport (4.1.8) lib/active_support/tagged_logging.rb:68:in `block in tagged'
  activesupport (4.1.8) lib/active_support/tagged_logging.rb:26:in `tagged'
  activesupport (4.1.8) lib/active_support/tagged_logging.rb:68:in `tagged'
  railties (4.1.8) lib/rails/rack/logger.rb:20:in `call'
  actionpack (4.1.8) lib/action_dispatch/middleware/request_id.rb:21:in `call'
  rack (1.5.2) lib/rack/methodoverride.rb:21:in `call'
  rack (1.5.2) lib/rack/runtime.rb:17:in `call'
  activesupport (4.1.8) lib/active_support/cache/strategy/local_cache_middleware.rb:26:in `call'
  rack (1.5.2) lib/rack/lock.rb:17:in `call'
  actionpack (4.1.8) lib/action_dispatch/middleware/static.rb:84:in `call'
  rack (1.5.2) lib/rack/sendfile.rb:112:in `call'
  railties (4.1.8) lib/rails/engine.rb:514:in `call'
  railties (4.1.8) lib/rails/application.rb:144:in `call'
  rack (1.5.2) lib/rack/lock.rb:17:in `call'
  rack (1.5.2) lib/rack/content_length.rb:14:in `call'
  rack (1.5.2) lib/rack/handler/webrick.rb:60:in `service'
  /Users/cxp/.rubies/ruby-2.0.0-p451/lib/ruby/2.0.0/webrick/httpserver.rb:138:in `service'
  /Users/cxp/.rubies/ruby-2.0.0-p451/lib/ruby/2.0.0/webrick/httpserver.rb:94:in `run'
  /Users/cxp/.rubies/ruby-2.0.0-p451/lib/ruby/2.0.0/webrick/server.rb:295:in `block in start_thread'


  Rendered /Users/cxp/.gem/ruby/2.0.0/gems/actionpack-4.1.8/lib/action_dispatch/middleware/templates/rescues/_trace.html.erb (1.0ms)
  Rendered /Users/cxp/.gem/ruby/2.0.0/gems/actionpack-4.1.8/lib/action_dispatch/middleware/templates/routes/_route.html.erb (0.7ms)
  Rendered /Users/cxp/.gem/ruby/2.0.0/gems/actionpack-4.1.8/lib/action_dispatch/middleware/templates/routes/_table.html.erb (6.5ms)
  Rendered /Users/cxp/.gem/ruby/2.0.0/gems/actionpack-4.1.8/lib/action_dispatch/middleware/templates/rescues/routing_error.html.erb within rescues/layout (25.9ms)


Started GET "/posts" for 127.0.0.1 at 2014-12-15 14:01:43 -0500
Processing by PostsController#index as HTML
  Rendered posts/index.html.erb within layouts/application (0.3ms)
Completed 200 OK in 525ms (Views: 516.7ms | ActiveRecord: 0.0ms)


Started GET "/assets/posts.css?body=1" for 127.0.0.1 at 2014-12-15 14:01:43 -0500


Started GET "/assets/application.css?body=1" for 127.0.0.1 at 2014-12-15 14:01:43 -0500


Started GET "/assets/application.js?body=1" for 127.0.0.1 at 2014-12-15 14:01:43 -0500


Started GET "/assets/jquery.js?body=1" for 127.0.0.1 at 2014-12-15 14:01:43 -0500


Started GET "/assets/jquery_ujs.js?body=1" for 127.0.0.1 at 2014-12-15 14:01:43 -0500


Started GET "/assets/turbolinks.js?body=1" for 127.0.0.1 at 2014-12-15 14:01:43 -0500


Started GET "/assets/posts.js?body=1" for 127.0.0.1 at 2014-12-15 14:01:43 -0500


Started GET "/posts" for 127.0.0.1 at 2014-12-15 14:21:31 -0500
  [1m[36mActiveRecord::SchemaMigration Load (0.5ms)[0m  [1mSELECT "schema_migrations".* FROM "schema_migrations"[0m
Processing by PostsController#index as HTML
  Rendered posts/index.html.erb within layouts/application (0.8ms)
Completed 200 OK in 108ms (Views: 100.3ms | ActiveRecord: 0.0ms)


Started GET "/assets/posts.css?body=1" for 127.0.0.1 at 2014-12-15 14:21:31 -0500


Started GET "/assets/application.css?body=1" for 127.0.0.1 at 2014-12-15 14:21:31 -0500


Started GET "/assets/turbolinks.js?body=1" for 127.0.0.1 at 2014-12-15 14:21:31 -0500


Started GET "/assets/jquery_ujs.js?body=1" for 127.0.0.1 at 2014-12-15 14:21:31 -0500


Started GET "/assets/jquery.js?body=1" for 127.0.0.1 at 2014-12-15 14:21:31 -0500


Started GET "/assets/application.js?body=1" for 127.0.0.1 at 2014-12-15 14:21:31 -0500


Started GET "/assets/posts.js?body=1" for 127.0.0.1 at 2014-12-15 14:21:31 -0500


Started GET "/posts" for 127.0.0.1 at 2014-12-15 14:23:07 -0500
Processing by PostsController#index as HTML
  Rendered posts/index.html.erb within layouts/application (0.4ms)
Completed 200 OK in 31ms (Views: 30.0ms | ActiveRecord: 0.0ms)


Started GET "/assets/posts.css?body=1" for 127.0.0.1 at 2014-12-15 14:23:07 -0500


Started GET "/assets/jquery.js?body=1" for 127.0.0.1 at 2014-12-15 14:23:07 -0500


Started GET "/assets/posts.js?body=1" for 127.0.0.1 at 2014-12-15 14:23:07 -0500


Started GET "/assets/application.css?body=1" for 127.0.0.1 at 2014-12-15 14:23:07 -0500


Started GET "/assets/jquery_ujs.js?body=1" for 127.0.0.1 at 2014-12-15 14:23:07 -0500


Started GET "/assets/turbolinks.js?body=1" for 127.0.0.1 at 2014-12-15 14:23:07 -0500


Started GET "/assets/application.js?body=1" for 127.0.0.1 at 2014-12-15 14:23:07 -0500


Started GET "/posts" for 127.0.0.1 at 2014-12-15 14:23:21 -0500
Processing by PostsController#index as HTML
  Rendered posts/index.html.erb within layouts/application (0.3ms)
Completed 200 OK in 26ms (Views: 25.4ms | ActiveRecord: 0.0ms)


Started GET "/assets/posts.css?body=1" for 127.0.0.1 at 2014-12-15 14:23:21 -0500


Started GET "/assets/jquery_ujs.js?body=1" for 127.0.0.1 at 2014-12-15 14:23:21 -0500


Started GET "/assets/posts.js?body=1" for 127.0.0.1 at 2014-12-15 14:23:21 -0500


Started GET "/assets/application.css?body=1" for 127.0.0.1 at 2014-12-15 14:23:21 -0500


Started GET "/assets/jquery.js?body=1" for 127.0.0.1 at 2014-12-15 14:23:21 -0500


Started GET "/assets/turbolinks.js?body=1" for 127.0.0.1 at 2014-12-15 14:23:21 -0500


Started GET "/assets/application.js?body=1" for 127.0.0.1 at 2014-12-15 14:23:21 -0500


Started GET "/posts" for 127.0.0.1 at 2014-12-15 14:25:14 -0500
Processing by PostsController#index as HTML
  Rendered posts/index.html.erb within layouts/application (0.4ms)
Completed 200 OK in 69ms (Views: 68.2ms | ActiveRecord: 0.0ms)


Started GET "/assets/posts.css?body=1" for 127.0.0.1 at 2014-12-15 14:25:14 -0500


Started GET "/assets/application.css?body=1" for 127.0.0.1 at 2014-12-15 14:25:14 -0500


Started GET "/assets/jquery.js?body=1" for 127.0.0.1 at 2014-12-15 14:25:14 -0500


Started GET "/assets/jquery_ujs.js?body=1" for 127.0.0.1 at 2014-12-15 14:25:14 -0500


Started GET "/assets/posts.js?body=1" for 127.0.0.1 at 2014-12-15 14:25:14 -0500


Started GET "/assets/turbolinks.js?body=1" for 127.0.0.1 at 2014-12-15 14:25:14 -0500


Started GET "/assets/application.js?body=1" for 127.0.0.1 at 2014-12-15 14:25:14 -0500


Started GET "/posts" for 127.0.0.1 at 2014-12-15 14:25:19 -0500
Processing by PostsController#index as HTML
  Rendered posts/index.html.erb within layouts/application (0.4ms)
Completed 200 OK in 27ms (Views: 26.3ms | ActiveRecord: 0.0ms)


Started GET "/assets/posts.css?body=1" for 127.0.0.1 at 2014-12-15 14:25:19 -0500


Started GET "/assets/jquery.js?body=1" for 127.0.0.1 at 2014-12-15 14:25:19 -0500


Started GET "/assets/jquery_ujs.js?body=1" for 127.0.0.1 at 2014-12-15 14:25:19 -0500


Started GET "/assets/application.css?body=1" for 127.0.0.1 at 2014-12-15 14:25:19 -0500


Started GET "/assets/turbolinks.js?body=1" for 127.0.0.1 at 2014-12-15 14:25:19 -0500


Started GET "/assets/posts.js?body=1" for 127.0.0.1 at 2014-12-15 14:25:19 -0500


Started GET "/assets/application.js?body=1" for 127.0.0.1 at 2014-12-15 14:25:19 -0500


Started GET "/posts" for 127.0.0.1 at 2014-12-15 14:25:27 -0500
Processing by PostsController#index as HTML
  Rendered posts/index.html.erb within layouts/application (0.4ms)
Completed 200 OK in 28ms (Views: 27.6ms | ActiveRecord: 0.0ms)


Started GET "/assets/posts.js?body=1" for 127.0.0.1 at 2014-12-15 14:25:27 -0500


Started GET "/assets/turbolinks.js?body=1" for 127.0.0.1 at 2014-12-15 14:25:27 -0500


Started GET "/assets/jquery_ujs.js?body=1" for 127.0.0.1 at 2014-12-15 14:25:27 -0500


Started GET "/assets/application.css?body=1" for 127.0.0.1 at 2014-12-15 14:25:27 -0500


Started GET "/assets/jquery.js?body=1" for 127.0.0.1 at 2014-12-15 14:25:27 -0500


Started GET "/assets/application.js?body=1" for 127.0.0.1 at 2014-12-15 14:25:27 -0500


Started GET "/assets/posts.css?body=1" for 127.0.0.1 at 2014-12-15 14:25:27 -0500


Started GET "/posts" for 127.0.0.1 at 2014-12-15 14:25:30 -0500
Processing by PostsController#index as HTML
  Rendered posts/index.html.erb within layouts/application (0.4ms)
Completed 200 OK in 27ms (Views: 26.2ms | ActiveRecord: 0.0ms)


Started GET "/assets/posts.css?body=1" for 127.0.0.1 at 2014-12-15 14:25:30 -0500


Started GET "/assets/jquery_ujs.js?body=1" for 127.0.0.1 at 2014-12-15 14:25:30 -0500


Started GET "/assets/application.css?body=1" for 127.0.0.1 at 2014-12-15 14:25:30 -0500


Started GET "/assets/jquery.js?body=1" for 127.0.0.1 at 2014-12-15 14:25:30 -0500


Started GET "/assets/posts.js?body=1" for 127.0.0.1 at 2014-12-15 14:25:30 -0500


Started GET "/assets/turbolinks.js?body=1" for 127.0.0.1 at 2014-12-15 14:25:30 -0500


Started GET "/assets/application.js?body=1" for 127.0.0.1 at 2014-12-15 14:25:30 -0500


Started GET "/posts" for 127.0.0.1 at 2014-12-15 14:25:40 -0500
Processing by PostsController#index as HTML
  Rendered posts/index.html.erb within layouts/application (0.4ms)
Completed 200 OK in 28ms (Views: 26.9ms | ActiveRecord: 0.0ms)


Started GET "/assets/application.css?body=1" for 127.0.0.1 at 2014-12-15 14:25:40 -0500


Started GET "/assets/posts.js?body=1" for 127.0.0.1 at 2014-12-15 14:25:40 -0500


Started GET "/assets/posts.css?body=1" for 127.0.0.1 at 2014-12-15 14:25:40 -0500


Started GET "/assets/turbolinks.js?body=1" for 127.0.0.1 at 2014-12-15 14:25:40 -0500


Started GET "/assets/jquery.js?body=1" for 127.0.0.1 at 2014-12-15 14:25:40 -0500


Started GET "/assets/jquery_ujs.js?body=1" for 127.0.0.1 at 2014-12-15 14:25:40 -0500


Started GET "/assets/application.js?body=1" for 127.0.0.1 at 2014-12-15 14:25:40 -0500


Started GET "/posts" for 127.0.0.1 at 2014-12-15 14:26:26 -0500
Processing by PostsController#index as HTML
  Rendered posts/index.html.erb within layouts/application (0.4ms)
Completed 200 OK in 29ms (Views: 28.1ms | ActiveRecord: 0.0ms)


Started GET "/assets/application.css?body=1" for 127.0.0.1 at 2014-12-15 14:26:26 -0500


Started GET "/assets/posts.css?body=1" for 127.0.0.1 at 2014-12-15 14:26:26 -0500


Started GET "/assets/jquery.js?body=1" for 127.0.0.1 at 2014-12-15 14:26:26 -0500


Started GET "/assets/jquery_ujs.js?body=1" for 127.0.0.1 at 2014-12-15 14:26:26 -0500


Started GET "/assets/turbolinks.js?body=1" for 127.0.0.1 at 2014-12-15 14:26:26 -0500


Started GET "/assets/posts.js?body=1" for 127.0.0.1 at 2014-12-15 14:26:26 -0500


Started GET "/assets/application.js?body=1" for 127.0.0.1 at 2014-12-15 14:26:26 -0500


Started GET "/posts" for 127.0.0.1 at 2014-12-15 14:26:37 -0500
Processing by PostsController#index as HTML
  Rendered posts/index.html.erb within layouts/application (0.5ms)
Completed 200 OK in 27ms (Views: 26.4ms | ActiveRecord: 0.0ms)


Started GET "/assets/posts.css?body=1" for 127.0.0.1 at 2014-12-15 14:26:37 -0500


Started GET "/assets/jquery.js?body=1" for 127.0.0.1 at 2014-12-15 14:26:37 -0500


Started GET "/assets/application.css?body=1" for 127.0.0.1 at 2014-12-15 14:26:37 -0500


Started GET "/assets/jquery_ujs.js?body=1" for 127.0.0.1 at 2014-12-15 14:26:37 -0500


Started GET "/assets/posts.js?body=1" for 127.0.0.1 at 2014-12-15 14:26:37 -0500


Started GET "/assets/turbolinks.js?body=1" for 127.0.0.1 at 2014-12-15 14:26:37 -0500


Started GET "/assets/application.js?body=1" for 127.0.0.1 at 2014-12-15 14:26:37 -0500


Started GET "/posts" for 127.0.0.1 at 2014-12-15 16:35:50 -0500
  [1m[36mActiveRecord::SchemaMigration Load (1.5ms)[0m  [1mSELECT "schema_migrations".* FROM "schema_migrations"[0m
Processing by PostsController#index as HTML
  Rendered posts/index.html.erb within layouts/application (3.6ms)
Completed 500 Internal Server Error in 20ms

ActionView::Template::Error (First argument in form cannot contain nil or be empty):
    1: <h1>where you post a new issue</h1>
    2: 
    3: <%= form_for @posts do |f| %>
    4:   <div>
    5:     <%= f.label :name %>
    6:     <%= f.text_field :name %>
  app/views/posts/index.html.erb:3:in `_app_views_posts_index_html_erb___429728851249008323_70250718580260'


  Rendered /Users/cxp/.gem/ruby/2.0.0/gems/actionpack-4.1.8/lib/action_dispatch/middleware/templates/rescues/_trace.html.erb (1.1ms)
  Rendered /Users/cxp/.gem/ruby/2.0.0/gems/actionpack-4.1.8/lib/action_dispatch/middleware/templates/rescues/_request_and_response.html.erb (0.9ms)
  Rendered /Users/cxp/.gem/ruby/2.0.0/gems/actionpack-4.1.8/lib/action_dispatch/middleware/templates/rescues/template_error.html.erb within rescues/layout (13.8ms)


Started GET "/posts" for 127.0.0.1 at 2014-12-15 16:37:14 -0500
Processing by PostsController#index as HTML
Completed 500 Internal Server Error in 5ms

ArgumentError (Unknown validator: 'PrecenseValidator'):
  app/models/post.rb:2:in `<class:Post>'
  app/models/post.rb:1:in `<top (required)>'
  app/controllers/posts_controller.rb:3:in `index'


  Rendered /Users/cxp/.gem/ruby/2.0.0/gems/actionpack-4.1.8/lib/action_dispatch/middleware/templates/rescues/_source.erb (0.6ms)
  Rendered /Users/cxp/.gem/ruby/2.0.0/gems/actionpack-4.1.8/lib/action_dispatch/middleware/templates/rescues/_trace.html.erb (1.1ms)
  Rendered /Users/cxp/.gem/ruby/2.0.0/gems/actionpack-4.1.8/lib/action_dispatch/middleware/templates/rescues/_request_and_response.html.erb (0.8ms)
  Rendered /Users/cxp/.gem/ruby/2.0.0/gems/actionpack-4.1.8/lib/action_dispatch/middleware/templates/rescues/diagnostics.erb within rescues/layout (14.4ms)


Started GET "/posts" for 127.0.0.1 at 2014-12-15 16:37:32 -0500
Processing by PostsController#index as HTML
Completed 500 Internal Server Error in 2ms

ArgumentError (Unknown validator: 'PrecenseValidator'):
  app/models/post.rb:2:in `<class:Post>'
  app/models/post.rb:1:in `<top (required)>'
  app/controllers/posts_controller.rb:3:in `index'


  Rendered /Users/cxp/.gem/ruby/2.0.0/gems/actionpack-4.1.8/lib/action_dispatch/middleware/templates/rescues/_source.erb (0.6ms)
  Rendered /Users/cxp/.gem/ruby/2.0.0/gems/actionpack-4.1.8/lib/action_dispatch/middleware/templates/rescues/_trace.html.erb (1.0ms)
  Rendered /Users/cxp/.gem/ruby/2.0.0/gems/actionpack-4.1.8/lib/action_dispatch/middleware/templates/rescues/_request_and_response.html.erb (0.8ms)
  Rendered /Users/cxp/.gem/ruby/2.0.0/gems/actionpack-4.1.8/lib/action_dispatch/middleware/templates/rescues/diagnostics.erb within rescues/layout (13.1ms)


Started GET "/posts" for 127.0.0.1 at 2014-12-15 16:37:36 -0500
Processing by PostsController#index as HTML
Completed 500 Internal Server Error in 3ms

ArgumentError (Unknown validator: 'PrecenseValidator'):
  app/models/post.rb:2:in `<class:Post>'
  app/models/post.rb:1:in `<top (required)>'
  app/controllers/posts_controller.rb:3:in `index'


  Rendered /Users/cxp/.gem/ruby/2.0.0/gems/actionpack-4.1.8/lib/action_dispatch/middleware/templates/rescues/_source.erb (35.7ms)
  Rendered /Users/cxp/.gem/ruby/2.0.0/gems/actionpack-4.1.8/lib/action_dispatch/middleware/templates/rescues/_trace.html.erb (0.9ms)
  Rendered /Users/cxp/.gem/ruby/2.0.0/gems/actionpack-4.1.8/lib/action_dispatch/middleware/templates/rescues/_request_and_response.html.erb (0.7ms)
  Rendered /Users/cxp/.gem/ruby/2.0.0/gems/actionpack-4.1.8/lib/action_dispatch/middleware/templates/rescues/diagnostics.erb within rescues/layout (47.0ms)


Started GET "/posts" for 127.0.0.1 at 2014-12-15 16:39:20 -0500
  [1m[36mActiveRecord::SchemaMigration Load (0.5ms)[0m  [1mSELECT "schema_migrations".* FROM "schema_migrations"[0m
Processing by PostsController#index as HTML
Completed 500 Internal Server Error in 11ms

ArgumentError (Unknown validator: 'PrecenseValidator'):
  app/models/post.rb:2:in `<class:Post>'
  app/models/post.rb:1:in `<top (required)>'
  app/controllers/posts_controller.rb:3:in `index'


  Rendered /Users/cxp/.gem/ruby/2.0.0/gems/actionpack-4.1.8/lib/action_dispatch/middleware/templates/rescues/_source.erb (0.6ms)
  Rendered /Users/cxp/.gem/ruby/2.0.0/gems/actionpack-4.1.8/lib/action_dispatch/middleware/templates/rescues/_trace.html.erb (1.0ms)
  Rendered /Users/cxp/.gem/ruby/2.0.0/gems/actionpack-4.1.8/lib/action_dispatch/middleware/templates/rescues/_request_and_response.html.erb (0.9ms)
  Rendered /Users/cxp/.gem/ruby/2.0.0/gems/actionpack-4.1.8/lib/action_dispatch/middleware/templates/rescues/diagnostics.erb within rescues/layout (15.7ms)


Started GET "/" for 127.0.0.1 at 2014-12-15 16:39:23 -0500
Processing by Rails::WelcomeController#index as HTML
  Rendered /Users/cxp/.gem/ruby/2.0.0/gems/railties-4.1.8/lib/rails/templates/rails/welcome/index.html.erb (0.6ms)
Completed 200 OK in 5ms (Views: 3.3ms | ActiveRecord: 0.0ms)


Started GET "/rails/info/properties" for 127.0.0.1 at 2014-12-15 16:39:25 -0500
Processing by Rails::InfoController#properties as */*
  [1m[35mActiveRecord::SchemaMigration Load (0.2ms)[0m  SELECT "schema_migrations".* FROM "schema_migrations"
  Rendered /Users/cxp/.gem/ruby/2.0.0/gems/railties-4.1.8/lib/rails/templates/rails/info/properties.html.erb (0.4ms)
Completed 200 OK in 13ms (Views: 7.2ms | ActiveRecord: 1.0ms)


Started GET "/posts" for 127.0.0.1 at 2014-12-15 16:39:29 -0500
Processing by PostsController#index as HTML
Completed 500 Internal Server Error in 4ms

ArgumentError (Unknown validator: 'PrecenseValidator'):
  app/models/post.rb:2:in `<class:Post>'
  app/models/post.rb:1:in `<top (required)>'
  app/controllers/posts_controller.rb:3:in `index'


  Rendered /Users/cxp/.gem/ruby/2.0.0/gems/actionpack-4.1.8/lib/action_dispatch/middleware/templates/rescues/_source.erb (0.6ms)
  Rendered /Users/cxp/.gem/ruby/2.0.0/gems/actionpack-4.1.8/lib/action_dispatch/middleware/templates/rescues/_trace.html.erb (1.2ms)
  Rendered /Users/cxp/.gem/ruby/2.0.0/gems/actionpack-4.1.8/lib/action_dispatch/middleware/templates/rescues/_request_and_response.html.erb (1.5ms)
  Rendered /Users/cxp/.gem/ruby/2.0.0/gems/actionpack-4.1.8/lib/action_dispatch/middleware/templates/rescues/diagnostics.erb within rescues/layout (16.0ms)


Started GET "/posts" for 127.0.0.1 at 2014-12-15 16:55:33 -0500
  [1m[36mActiveRecord::SchemaMigration Load (1.0ms)[0m  [1mSELECT "schema_migrations".* FROM "schema_migrations"[0m
Processing by PostsController#index as HTML
  Rendered posts/index.html.erb within layouts/application (1.4ms)
Completed 200 OK in 114ms (Views: 103.8ms | ActiveRecord: 0.0ms)


Started GET "/assets/posts.css?body=1" for 127.0.0.1 at 2014-12-15 16:55:33 -0500


Started GET "/assets/posts.js?body=1" for 127.0.0.1 at 2014-12-15 16:55:33 -0500


Started GET "/assets/application.css?body=1" for 127.0.0.1 at 2014-12-15 16:55:33 -0500


Started GET "/assets/turbolinks.js?body=1" for 127.0.0.1 at 2014-12-15 16:55:33 -0500


Started GET "/assets/jquery_ujs.js?body=1" for 127.0.0.1 at 2014-12-15 16:55:33 -0500


Started GET "/assets/jquery.js?body=1" for 127.0.0.1 at 2014-12-15 16:55:33 -0500


Started GET "/assets/application.js?body=1" for 127.0.0.1 at 2014-12-15 16:55:33 -0500


Started GET "/posts/new" for 127.0.0.1 at 2014-12-15 16:55:37 -0500
Processing by PostsController#new as HTML
  Rendered posts/new.html.erb within layouts/application (21.9ms)
Completed 200 OK in 53ms (Views: 47.2ms | ActiveRecord: 2.8ms)


Started GET "/assets/application.css?body=1" for 127.0.0.1 at 2014-12-15 16:55:38 -0500


Started GET "/assets/jquery.js?body=1" for 127.0.0.1 at 2014-12-15 16:55:38 -0500


Started GET "/assets/turbolinks.js?body=1" for 127.0.0.1 at 2014-12-15 16:55:38 -0500


Started GET "/assets/jquery_ujs.js?body=1" for 127.0.0.1 at 2014-12-15 16:55:38 -0500


Started GET "/assets/posts.js?body=1" for 127.0.0.1 at 2014-12-15 16:55:38 -0500


Started GET "/assets/application.js?body=1" for 127.0.0.1 at 2014-12-15 16:55:38 -0500


Started GET "/assets/posts.css?body=1" for 127.0.0.1 at 2014-12-15 16:55:38 -0500


Started POST "/posts" for 127.0.0.1 at 2014-12-15 16:55:45 -0500

ActionController::RoutingError (No route matches [POST] "/posts"):
  actionpack (4.1.8) lib/action_dispatch/middleware/debug_exceptions.rb:21:in `call'
  actionpack (4.1.8) lib/action_dispatch/middleware/show_exceptions.rb:30:in `call'
  railties (4.1.8) lib/rails/rack/logger.rb:38:in `call_app'
  railties (4.1.8) lib/rails/rack/logger.rb:20:in `block in call'
  activesupport (4.1.8) lib/active_support/tagged_logging.rb:68:in `block in tagged'
  activesupport (4.1.8) lib/active_support/tagged_logging.rb:26:in `tagged'
  activesupport (4.1.8) lib/active_support/tagged_logging.rb:68:in `tagged'
  railties (4.1.8) lib/rails/rack/logger.rb:20:in `call'
  actionpack (4.1.8) lib/action_dispatch/middleware/request_id.rb:21:in `call'
  rack (1.5.2) lib/rack/methodoverride.rb:21:in `call'
  rack (1.5.2) lib/rack/runtime.rb:17:in `call'
  activesupport (4.1.8) lib/active_support/cache/strategy/local_cache_middleware.rb:26:in `call'
  rack (1.5.2) lib/rack/lock.rb:17:in `call'
  actionpack (4.1.8) lib/action_dispatch/middleware/static.rb:84:in `call'
  rack (1.5.2) lib/rack/sendfile.rb:112:in `call'
  railties (4.1.8) lib/rails/engine.rb:514:in `call'
  railties (4.1.8) lib/rails/application.rb:144:in `call'
  rack (1.5.2) lib/rack/lock.rb:17:in `call'
  rack (1.5.2) lib/rack/content_length.rb:14:in `call'
  rack (1.5.2) lib/rack/handler/webrick.rb:60:in `service'
  /Users/cxp/.rubies/ruby-2.0.0-p451/lib/ruby/2.0.0/webrick/httpserver.rb:138:in `service'
  /Users/cxp/.rubies/ruby-2.0.0-p451/lib/ruby/2.0.0/webrick/httpserver.rb:94:in `run'
  /Users/cxp/.rubies/ruby-2.0.0-p451/lib/ruby/2.0.0/webrick/server.rb:295:in `block in start_thread'


  Rendered /Users/cxp/.gem/ruby/2.0.0/gems/actionpack-4.1.8/lib/action_dispatch/middleware/templates/rescues/_trace.html.erb (1.0ms)
  Rendered /Users/cxp/.gem/ruby/2.0.0/gems/actionpack-4.1.8/lib/action_dispatch/middleware/templates/routes/_route.html.erb (0.7ms)
  Rendered /Users/cxp/.gem/ruby/2.0.0/gems/actionpack-4.1.8/lib/action_dispatch/middleware/templates/routes/_table.html.erb (6.3ms)
  Rendered /Users/cxp/.gem/ruby/2.0.0/gems/actionpack-4.1.8/lib/action_dispatch/middleware/templates/rescues/routing_error.html.erb within rescues/layout (30.6ms)


Started GET "/index" for 127.0.0.1 at 2014-12-15 16:57:46 -0500

ActionController::RoutingError (No route matches [GET] "/index"):
  actionpack (4.1.8) lib/action_dispatch/middleware/debug_exceptions.rb:21:in `call'
  actionpack (4.1.8) lib/action_dispatch/middleware/show_exceptions.rb:30:in `call'
  railties (4.1.8) lib/rails/rack/logger.rb:38:in `call_app'
  railties (4.1.8) lib/rails/rack/logger.rb:20:in `block in call'
  activesupport (4.1.8) lib/active_support/tagged_logging.rb:68:in `block in tagged'
  activesupport (4.1.8) lib/active_support/tagged_logging.rb:26:in `tagged'
  activesupport (4.1.8) lib/active_support/tagged_logging.rb:68:in `tagged'
  railties (4.1.8) lib/rails/rack/logger.rb:20:in `call'
  actionpack (4.1.8) lib/action_dispatch/middleware/request_id.rb:21:in `call'
  rack (1.5.2) lib/rack/methodoverride.rb:21:in `call'
  rack (1.5.2) lib/rack/runtime.rb:17:in `call'
  activesupport (4.1.8) lib/active_support/cache/strategy/local_cache_middleware.rb:26:in `call'
  rack (1.5.2) lib/rack/lock.rb:17:in `call'
  actionpack (4.1.8) lib/action_dispatch/middleware/static.rb:84:in `call'
  rack (1.5.2) lib/rack/sendfile.rb:112:in `call'
  railties (4.1.8) lib/rails/engine.rb:514:in `call'
  railties (4.1.8) lib/rails/application.rb:144:in `call'
  rack (1.5.2) lib/rack/lock.rb:17:in `call'
  rack (1.5.2) lib/rack/content_length.rb:14:in `call'
  rack (1.5.2) lib/rack/handler/webrick.rb:60:in `service'
  /Users/cxp/.rubies/ruby-2.0.0-p451/lib/ruby/2.0.0/webrick/httpserver.rb:138:in `service'
  /Users/cxp/.rubies/ruby-2.0.0-p451/lib/ruby/2.0.0/webrick/httpserver.rb:94:in `run'
  /Users/cxp/.rubies/ruby-2.0.0-p451/lib/ruby/2.0.0/webrick/server.rb:295:in `block in start_thread'


  Rendered /Users/cxp/.gem/ruby/2.0.0/gems/actionpack-4.1.8/lib/action_dispatch/middleware/templates/rescues/_trace.html.erb (0.8ms)
  Rendered /Users/cxp/.gem/ruby/2.0.0/gems/actionpack-4.1.8/lib/action_dispatch/middleware/templates/routes/_route.html.erb (0.6ms)
  Rendered /Users/cxp/.gem/ruby/2.0.0/gems/actionpack-4.1.8/lib/action_dispatch/middleware/templates/routes/_table.html.erb (0.8ms)
  Rendered /Users/cxp/.gem/ruby/2.0.0/gems/actionpack-4.1.8/lib/action_dispatch/middleware/templates/rescues/routing_error.html.erb within rescues/layout (11.7ms)


Started GET "/posts" for 127.0.0.1 at 2014-12-15 16:57:57 -0500
Processing by PostsController#index as HTML
  Rendered posts/index.html.erb within layouts/application (0.0ms)
Completed 200 OK in 31ms (Views: 30.8ms | ActiveRecord: 0.0ms)


Started GET "/assets/posts.css?body=1" for 127.0.0.1 at 2014-12-15 16:57:57 -0500


Started GET "/assets/application.css?body=1" for 127.0.0.1 at 2014-12-15 16:57:57 -0500


Started GET "/assets/jquery.js?body=1" for 127.0.0.1 at 2014-12-15 16:57:57 -0500


Started GET "/assets/application.js?body=1" for 127.0.0.1 at 2014-12-15 16:57:57 -0500


Started GET "/assets/posts.js?body=1" for 127.0.0.1 at 2014-12-15 16:57:57 -0500


Started GET "/assets/turbolinks.js?body=1" for 127.0.0.1 at 2014-12-15 16:57:57 -0500


Started GET "/assets/jquery_ujs.js?body=1" for 127.0.0.1 at 2014-12-15 16:57:57 -0500


Started GET "/posts/new" for 127.0.0.1 at 2014-12-15 16:57:59 -0500
Processing by PostsController#new as HTML
  Rendered posts/new.html.erb within layouts/application (2.0ms)
Completed 200 OK in 28ms (Views: 27.7ms | ActiveRecord: 0.0ms)


Started GET "/posts" for 127.0.0.1 at 2014-12-15 17:12:26 -0500
  [1m[36mActiveRecord::SchemaMigration Load (0.5ms)[0m  [1mSELECT "schema_migrations".* FROM "schema_migrations"[0m
Processing by PostsController#index as HTML
  Rendered posts/index.html.erb within layouts/application (1.5ms)
Completed 200 OK in 117ms (Views: 106.6ms | ActiveRecord: 0.0ms)


Started GET "/assets/posts.css?body=1" for 127.0.0.1 at 2014-12-15 17:12:26 -0500


Started GET "/assets/jquery.js?body=1" for 127.0.0.1 at 2014-12-15 17:12:26 -0500


Started GET "/assets/application.css?body=1" for 127.0.0.1 at 2014-12-15 17:12:26 -0500


Started GET "/assets/jquery_ujs.js?body=1" for 127.0.0.1 at 2014-12-15 17:12:26 -0500


Started GET "/assets/turbolinks.js?body=1" for 127.0.0.1 at 2014-12-15 17:12:26 -0500


Started GET "/assets/posts.js?body=1" for 127.0.0.1 at 2014-12-15 17:12:26 -0500


Started GET "/assets/application.js?body=1" for 127.0.0.1 at 2014-12-15 17:12:26 -0500


Started GET "/posts/new" for 127.0.0.1 at 2014-12-15 17:12:34 -0500
Processing by PostsController#new as HTML
  Rendered posts/new.html.erb within layouts/application (18.7ms)
Completed 200 OK in 52ms (Views: 46.6ms | ActiveRecord: 2.5ms)


Started GET "/assets/posts.css?body=1" for 127.0.0.1 at 2014-12-15 17:12:34 -0500


Started GET "/assets/application.css?body=1" for 127.0.0.1 at 2014-12-15 17:12:34 -0500


Started GET "/assets/jquery.js?body=1" for 127.0.0.1 at 2014-12-15 17:12:34 -0500


Started GET "/assets/jquery_ujs.js?body=1" for 127.0.0.1 at 2014-12-15 17:12:34 -0500


Started GET "/assets/turbolinks.js?body=1" for 127.0.0.1 at 2014-12-15 17:12:34 -0500


Started GET "/assets/posts.js?body=1" for 127.0.0.1 at 2014-12-15 17:12:34 -0500


Started GET "/assets/application.js?body=1" for 127.0.0.1 at 2014-12-15 17:12:34 -0500


Started GET "/posts//show" for 127.0.0.1 at 2014-12-15 17:12:38 -0500

ActionController::RoutingError (No route matches [GET] "/posts/show"):
  actionpack (4.1.8) lib/action_dispatch/middleware/debug_exceptions.rb:21:in `call'
  actionpack (4.1.8) lib/action_dispatch/middleware/show_exceptions.rb:30:in `call'
  railties (4.1.8) lib/rails/rack/logger.rb:38:in `call_app'
  railties (4.1.8) lib/rails/rack/logger.rb:20:in `block in call'
  activesupport (4.1.8) lib/active_support/tagged_logging.rb:68:in `block in tagged'
  activesupport (4.1.8) lib/active_support/tagged_logging.rb:26:in `tagged'
  activesupport (4.1.8) lib/active_support/tagged_logging.rb:68:in `tagged'
  railties (4.1.8) lib/rails/rack/logger.rb:20:in `call'
  actionpack (4.1.8) lib/action_dispatch/middleware/request_id.rb:21:in `call'
  rack (1.5.2) lib/rack/methodoverride.rb:21:in `call'
  rack (1.5.2) lib/rack/runtime.rb:17:in `call'
  activesupport (4.1.8) lib/active_support/cache/strategy/local_cache_middleware.rb:26:in `call'
  rack (1.5.2) lib/rack/lock.rb:17:in `call'
  actionpack (4.1.8) lib/action_dispatch/middleware/static.rb:84:in `call'
  rack (1.5.2) lib/rack/sendfile.rb:112:in `call'
  railties (4.1.8) lib/rails/engine.rb:514:in `call'
  railties (4.1.8) lib/rails/application.rb:144:in `call'
  rack (1.5.2) lib/rack/lock.rb:17:in `call'
  rack (1.5.2) lib/rack/content_length.rb:14:in `call'
  rack (1.5.2) lib/rack/handler/webrick.rb:60:in `service'
  /Users/cxp/.rubies/ruby-2.0.0-p451/lib/ruby/2.0.0/webrick/httpserver.rb:138:in `service'
  /Users/cxp/.rubies/ruby-2.0.0-p451/lib/ruby/2.0.0/webrick/httpserver.rb:94:in `run'
  /Users/cxp/.rubies/ruby-2.0.0-p451/lib/ruby/2.0.0/webrick/server.rb:295:in `block in start_thread'


  Rendered /Users/cxp/.gem/ruby/2.0.0/gems/actionpack-4.1.8/lib/action_dispatch/middleware/templates/rescues/_trace.html.erb (0.9ms)
  Rendered /Users/cxp/.gem/ruby/2.0.0/gems/actionpack-4.1.8/lib/action_dispatch/middleware/templates/routes/_route.html.erb (1.3ms)
  Rendered /Users/cxp/.gem/ruby/2.0.0/gems/actionpack-4.1.8/lib/action_dispatch/middleware/templates/routes/_table.html.erb (37.7ms)
  Rendered /Users/cxp/.gem/ruby/2.0.0/gems/actionpack-4.1.8/lib/action_dispatch/middleware/templates/rescues/routing_error.html.erb within rescues/layout (56.4ms)


Started GET "/posts/show" for 127.0.0.1 at 2014-12-15 17:12:42 -0500

ActionController::RoutingError (No route matches [GET] "/posts/show"):
  actionpack (4.1.8) lib/action_dispatch/middleware/debug_exceptions.rb:21:in `call'
  actionpack (4.1.8) lib/action_dispatch/middleware/show_exceptions.rb:30:in `call'
  railties (4.1.8) lib/rails/rack/logger.rb:38:in `call_app'
  railties (4.1.8) lib/rails/rack/logger.rb:20:in `block in call'
  activesupport (4.1.8) lib/active_support/tagged_logging.rb:68:in `block in tagged'
  activesupport (4.1.8) lib/active_support/tagged_logging.rb:26:in `tagged'
  activesupport (4.1.8) lib/active_support/tagged_logging.rb:68:in `tagged'
  railties (4.1.8) lib/rails/rack/logger.rb:20:in `call'
  actionpack (4.1.8) lib/action_dispatch/middleware/request_id.rb:21:in `call'
  rack (1.5.2) lib/rack/methodoverride.rb:21:in `call'
  rack (1.5.2) lib/rack/runtime.rb:17:in `call'
  activesupport (4.1.8) lib/active_support/cache/strategy/local_cache_middleware.rb:26:in `call'
  rack (1.5.2) lib/rack/lock.rb:17:in `call'
  actionpack (4.1.8) lib/action_dispatch/middleware/static.rb:84:in `call'
  rack (1.5.2) lib/rack/sendfile.rb:112:in `call'
  railties (4.1.8) lib/rails/engine.rb:514:in `call'
  railties (4.1.8) lib/rails/application.rb:144:in `call'
  rack (1.5.2) lib/rack/lock.rb:17:in `call'
  rack (1.5.2) lib/rack/content_length.rb:14:in `call'
  rack (1.5.2) lib/rack/handler/webrick.rb:60:in `service'
  /Users/cxp/.rubies/ruby-2.0.0-p451/lib/ruby/2.0.0/webrick/httpserver.rb:138:in `service'
  /Users/cxp/.rubies/ruby-2.0.0-p451/lib/ruby/2.0.0/webrick/httpserver.rb:94:in `run'
  /Users/cxp/.rubies/ruby-2.0.0-p451/lib/ruby/2.0.0/webrick/server.rb:295:in `block in start_thread'


  Rendered /Users/cxp/.gem/ruby/2.0.0/gems/actionpack-4.1.8/lib/action_dispatch/middleware/templates/rescues/_trace.html.erb (1.2ms)
  Rendered /Users/cxp/.gem/ruby/2.0.0/gems/actionpack-4.1.8/lib/action_dispatch/middleware/templates/routes/_route.html.erb (0.9ms)
  Rendered /Users/cxp/.gem/ruby/2.0.0/gems/actionpack-4.1.8/lib/action_dispatch/middleware/templates/routes/_table.html.erb (0.9ms)
  Rendered /Users/cxp/.gem/ruby/2.0.0/gems/actionpack-4.1.8/lib/action_dispatch/middleware/templates/rescues/routing_error.html.erb within rescues/layout (18.7ms)


Started GET "/posts/show" for 127.0.0.1 at 2014-12-15 17:13:29 -0500

ActionController::RoutingError (No route matches [GET] "/posts/show"):
  actionpack (4.1.8) lib/action_dispatch/middleware/debug_exceptions.rb:21:in `call'
  actionpack (4.1.8) lib/action_dispatch/middleware/show_exceptions.rb:30:in `call'
  railties (4.1.8) lib/rails/rack/logger.rb:38:in `call_app'
  railties (4.1.8) lib/rails/rack/logger.rb:20:in `block in call'
  activesupport (4.1.8) lib/active_support/tagged_logging.rb:68:in `block in tagged'
  activesupport (4.1.8) lib/active_support/tagged_logging.rb:26:in `tagged'
  activesupport (4.1.8) lib/active_support/tagged_logging.rb:68:in `tagged'
  railties (4.1.8) lib/rails/rack/logger.rb:20:in `call'
  actionpack (4.1.8) lib/action_dispatch/middleware/request_id.rb:21:in `call'
  rack (1.5.2) lib/rack/methodoverride.rb:21:in `call'
  rack (1.5.2) lib/rack/runtime.rb:17:in `call'
  activesupport (4.1.8) lib/active_support/cache/strategy/local_cache_middleware.rb:26:in `call'
  rack (1.5.2) lib/rack/lock.rb:17:in `call'
  actionpack (4.1.8) lib/action_dispatch/middleware/static.rb:84:in `call'
  rack (1.5.2) lib/rack/sendfile.rb:112:in `call'
  railties (4.1.8) lib/rails/engine.rb:514:in `call'
  railties (4.1.8) lib/rails/application.rb:144:in `call'
  rack (1.5.2) lib/rack/lock.rb:17:in `call'
  rack (1.5.2) lib/rack/content_length.rb:14:in `call'
  rack (1.5.2) lib/rack/handler/webrick.rb:60:in `service'
  /Users/cxp/.rubies/ruby-2.0.0-p451/lib/ruby/2.0.0/webrick/httpserver.rb:138:in `service'
  /Users/cxp/.rubies/ruby-2.0.0-p451/lib/ruby/2.0.0/webrick/httpserver.rb:94:in `run'
  /Users/cxp/.rubies/ruby-2.0.0-p451/lib/ruby/2.0.0/webrick/server.rb:295:in `block in start_thread'


  Rendered /Users/cxp/.gem/ruby/2.0.0/gems/actionpack-4.1.8/lib/action_dispatch/middleware/templates/rescues/_trace.html.erb (0.8ms)
  Rendered /Users/cxp/.gem/ruby/2.0.0/gems/actionpack-4.1.8/lib/action_dispatch/middleware/templates/routes/_route.html.erb (0.7ms)
  Rendered /Users/cxp/.gem/ruby/2.0.0/gems/actionpack-4.1.8/lib/action_dispatch/middleware/templates/routes/_table.html.erb (1.2ms)
  Rendered /Users/cxp/.gem/ruby/2.0.0/gems/actionpack-4.1.8/lib/action_dispatch/middleware/templates/rescues/routing_error.html.erb within rescues/layout (13.8ms)


Started GET "/posts" for 127.0.0.1 at 2014-12-15 17:14:51 -0500
  [1m[36mActiveRecord::SchemaMigration Load (0.5ms)[0m  [1mSELECT "schema_migrations".* FROM "schema_migrations"[0m
Processing by PostsController#index as HTML
  Rendered posts/index.html.erb within layouts/application (0.8ms)
Completed 200 OK in 112ms (Views: 103.6ms | ActiveRecord: 0.0ms)


Started GET "/assets/jquery_ujs.js?body=1" for 127.0.0.1 at 2014-12-15 17:14:52 -0500


Started GET "/assets/posts.css?body=1" for 127.0.0.1 at 2014-12-15 17:14:52 -0500


Started GET "/assets/application.css?body=1" for 127.0.0.1 at 2014-12-15 17:14:52 -0500


Started GET "/assets/jquery.js?body=1" for 127.0.0.1 at 2014-12-15 17:14:52 -0500


Started GET "/assets/turbolinks.js?body=1" for 127.0.0.1 at 2014-12-15 17:14:52 -0500


Started GET "/assets/posts.js?body=1" for 127.0.0.1 at 2014-12-15 17:14:52 -0500


Started GET "/assets/application.js?body=1" for 127.0.0.1 at 2014-12-15 17:14:52 -0500


Started GET "/posts" for 127.0.0.1 at 2014-12-15 17:19:44 -0500
  [1m[36mActiveRecord::SchemaMigration Load (0.4ms)[0m  [1mSELECT "schema_migrations".* FROM "schema_migrations"[0m
Processing by PostsController#index as HTML
  Rendered posts/index.html.erb within layouts/application (0.9ms)
Completed 200 OK in 112ms (Views: 103.8ms | ActiveRecord: 0.0ms)


Started GET "/assets/application.css?body=1" for 127.0.0.1 at 2014-12-15 17:19:45 -0500


Started GET "/assets/posts.css?body=1" for 127.0.0.1 at 2014-12-15 17:19:45 -0500


Started GET "/assets/turbolinks.js?body=1" for 127.0.0.1 at 2014-12-15 17:19:45 -0500


Started GET "/assets/posts.js?body=1" for 127.0.0.1 at 2014-12-15 17:19:45 -0500


Started GET "/assets/jquery.js?body=1" for 127.0.0.1 at 2014-12-15 17:19:45 -0500


Started GET "/assets/jquery_ujs.js?body=1" for 127.0.0.1 at 2014-12-15 17:19:45 -0500


Started GET "/assets/application.js?body=1" for 127.0.0.1 at 2014-12-15 17:19:45 -0500


Started GET "/posts/new" for 127.0.0.1 at 2014-12-15 17:19:45 -0500
Processing by PostsController#new as HTML
  Rendered posts/new.html.erb within layouts/application (17.0ms)
Completed 200 OK in 97ms (Views: 87.3ms | ActiveRecord: 4.6ms)


Started POST "/posts" for 127.0.0.1 at 2014-12-15 17:19:48 -0500
Processing by PostsController#create as HTML
  Parameters: {"utf8"=>"✓", "authenticity_token"=>"XG6t8J1/4e/bLSgu8Ibov7EOZsI1ET1ahAuy3/dD6lM=", "post"=>{"title"=>"asdf", "description"=>"asdf"}, "commit"=>"Submit"}
Completed 500 Internal Server Error in 1ms

ActionController::UrlGenerationError (No route matches {:action=>"show", :controller=>"posts", :id=>nil} missing required keys: [:id]):
  app/controllers/posts_controller.rb:11:in `create'


  Rendered /Users/cxp/.gem/ruby/2.0.0/gems/actionpack-4.1.8/lib/action_dispatch/middleware/templates/rescues/_source.erb (0.8ms)
  Rendered /Users/cxp/.gem/ruby/2.0.0/gems/actionpack-4.1.8/lib/action_dispatch/middleware/templates/rescues/_trace.html.erb (1.8ms)
  Rendered /Users/cxp/.gem/ruby/2.0.0/gems/actionpack-4.1.8/lib/action_dispatch/middleware/templates/rescues/_request_and_response.html.erb (2.9ms)
  Rendered /Users/cxp/.gem/ruby/2.0.0/gems/actionpack-4.1.8/lib/action_dispatch/middleware/templates/rescues/diagnostics.erb within rescues/layout (20.5ms)


Started POST "/posts" for 127.0.0.1 at 2014-12-15 17:22:01 -0500
Processing by PostsController#create as HTML
  Parameters: {"utf8"=>"✓", "authenticity_token"=>"XG6t8J1/4e/bLSgu8Ibov7EOZsI1ET1ahAuy3/dD6lM=", "post"=>{"title"=>"asdf", "description"=>"asdf"}, "commit"=>"Submit"}
Redirected to http://localhost:3000/posts
Completed 302 Found in 9ms (ActiveRecord: 2.8ms)


Started GET "/posts" for 127.0.0.1 at 2014-12-15 17:22:01 -0500
Processing by PostsController#index as HTML
  Rendered posts/index.html.erb within layouts/application (0.1ms)
Completed 200 OK in 28ms (Views: 27.0ms | ActiveRecord: 0.0ms)


Started GET "/assets/posts.css?body=1" for 127.0.0.1 at 2014-12-15 17:22:01 -0500


Started GET "/assets/application.css?body=1" for 127.0.0.1 at 2014-12-15 17:22:01 -0500


Started GET "/assets/jquery.js?body=1" for 127.0.0.1 at 2014-12-15 17:22:01 -0500


Started GET "/assets/jquery_ujs.js?body=1" for 127.0.0.1 at 2014-12-15 17:22:01 -0500


Started GET "/assets/turbolinks.js?body=1" for 127.0.0.1 at 2014-12-15 17:22:01 -0500


Started GET "/assets/application.js?body=1" for 127.0.0.1 at 2014-12-15 17:22:01 -0500


Started GET "/assets/posts.js?body=1" for 127.0.0.1 at 2014-12-15 17:22:01 -0500


Started GET "/posts/new" for 127.0.0.1 at 2014-12-15 17:22:03 -0500
Processing by PostsController#new as HTML
  Rendered posts/new.html.erb within layouts/application (2.8ms)
Completed 200 OK in 46ms (Views: 44.6ms | ActiveRecord: 0.0ms)


Started POST "/posts" for 127.0.0.1 at 2014-12-15 17:22:04 -0500
Processing by PostsController#create as HTML
  Parameters: {"utf8"=>"✓", "authenticity_token"=>"XG6t8J1/4e/bLSgu8Ibov7EOZsI1ET1ahAuy3/dD6lM=", "post"=>{"title"=>"", "description"=>""}, "commit"=>"Submit"}
Redirected to http://localhost:3000/posts
Completed 302 Found in 1ms (ActiveRecord: 0.0ms)


Started GET "/posts" for 127.0.0.1 at 2014-12-15 17:22:04 -0500
Processing by PostsController#index as HTML
  Rendered posts/index.html.erb within layouts/application (0.0ms)
Completed 200 OK in 90ms (Views: 87.5ms | ActiveRecord: 0.0ms)


Started GET "/assets/posts.css?body=1" for 127.0.0.1 at 2014-12-15 17:22:04 -0500


Started GET "/assets/application.css?body=1" for 127.0.0.1 at 2014-12-15 17:22:04 -0500


Started GET "/assets/jquery.js?body=1" for 127.0.0.1 at 2014-12-15 17:22:04 -0500


Started GET "/assets/jquery_ujs.js?body=1" for 127.0.0.1 at 2014-12-15 17:22:04 -0500


Started GET "/assets/turbolinks.js?body=1" for 127.0.0.1 at 2014-12-15 17:22:04 -0500


Started GET "/assets/posts.js?body=1" for 127.0.0.1 at 2014-12-15 17:22:04 -0500


Started GET "/assets/application.js?body=1" for 127.0.0.1 at 2014-12-15 17:22:04 -0500


Started GET "/posts/new" for 127.0.0.1 at 2014-12-15 17:24:49 -0500
  [1m[36mActiveRecord::SchemaMigration Load (0.6ms)[0m  [1mSELECT "schema_migrations".* FROM "schema_migrations"[0m
Processing by PostsController#new as HTML
  Rendered posts/new.html.erb within layouts/application (16.6ms)
Completed 200 OK in 149ms (Views: 133.8ms | ActiveRecord: 2.7ms)


Started POST "/posts" for 127.0.0.1 at 2014-12-15 17:24:53 -0500
Processing by PostsController#create as HTML
  Parameters: {"utf8"=>"✓", "authenticity_token"=>"XG6t8J1/4e/bLSgu8Ibov7EOZsI1ET1ahAuy3/dD6lM=", "post"=>{"title"=>"asdf", "description"=>"asdf"}, "commit"=>"Submit"}
  [1m[35m (0.1ms)[0m  BEGIN
  [1m[36mSQL (2.1ms)[0m  [1mINSERT INTO "posts" ("created_at", "description", "title", "updated_at") VALUES ($1, $2, $3, $4) RETURNING "id"[0m  [["created_at", "2014-12-15 22:24:53.256048"], ["description", "asdf"], ["title", "asdf"], ["updated_at", "2014-12-15 22:24:53.256048"]]
  [1m[35m (0.8ms)[0m  COMMIT
Redirected to http://localhost:3000/posts.1
Completed 302 Found in 10ms (ActiveRecord: 3.2ms)


Started GET "/posts.1" for 127.0.0.1 at 2014-12-15 17:24:53 -0500
Processing by PostsController#index as 
  Rendered posts/index.html.erb within layouts/application (0.3ms)
Completed 200 OK in 33ms (Views: 32.0ms | ActiveRecord: 0.0ms)


Started GET "/assets/posts.css?body=1" for 127.0.0.1 at 2014-12-15 17:24:53 -0500


Started GET "/assets/application.css?body=1" for 127.0.0.1 at 2014-12-15 17:24:53 -0500


Started GET "/assets/jquery.js?body=1" for 127.0.0.1 at 2014-12-15 17:24:53 -0500


Started GET "/assets/jquery_ujs.js?body=1" for 127.0.0.1 at 2014-12-15 17:24:53 -0500


Started GET "/assets/turbolinks.js?body=1" for 127.0.0.1 at 2014-12-15 17:24:53 -0500


Started GET "/assets/application.js?body=1" for 127.0.0.1 at 2014-12-15 17:24:53 -0500


Started GET "/assets/posts.js?body=1" for 127.0.0.1 at 2014-12-15 17:24:53 -0500


Started GET "/posts" for 127.0.0.1 at 2014-12-15 17:29:10 -0500
  [1m[36mActiveRecord::SchemaMigration Load (0.7ms)[0m  [1mSELECT "schema_migrations".* FROM "schema_migrations"[0m
Processing by PostsController#index as HTML
  Rendered posts/index.html.erb within layouts/application (1.3ms)
Completed 200 OK in 113ms (Views: 103.8ms | ActiveRecord: 0.0ms)


Started GET "/assets/posts.css?body=1" for 127.0.0.1 at 2014-12-15 17:29:10 -0500


Started GET "/assets/application.css?body=1" for 127.0.0.1 at 2014-12-15 17:29:10 -0500


Started GET "/assets/jquery_ujs.js?body=1" for 127.0.0.1 at 2014-12-15 17:29:10 -0500


Started GET "/assets/jquery.js?body=1" for 127.0.0.1 at 2014-12-15 17:29:10 -0500


Started GET "/assets/turbolinks.js?body=1" for 127.0.0.1 at 2014-12-15 17:29:10 -0500


Started GET "/assets/posts.js?body=1" for 127.0.0.1 at 2014-12-15 17:29:10 -0500


Started GET "/assets/application.js?body=1" for 127.0.0.1 at 2014-12-15 17:29:10 -0500


Started GET "/posts/new" for 127.0.0.1 at 2014-12-15 17:29:14 -0500
Processing by PostsController#new as HTML
  Rendered posts/new.html.erb within layouts/application (24.7ms)
Completed 200 OK in 98ms (Views: 91.9ms | ActiveRecord: 2.6ms)


Started POST "/posts" for 127.0.0.1 at 2014-12-15 17:29:24 -0500
Processing by PostsController#create as HTML
  Parameters: {"utf8"=>"✓", "authenticity_token"=>"XG6t8J1/4e/bLSgu8Ibov7EOZsI1ET1ahAuy3/dD6lM=", "post"=>{"title"=>"kkjkjkj", "description"=>"lklkl"}, "commit"=>"Submit"}
  [1m[35m (0.2ms)[0m  BEGIN
  [1m[36mSQL (0.7ms)[0m  [1mINSERT INTO "posts" ("created_at", "description", "title", "updated_at") VALUES ($1, $2, $3, $4) RETURNING "id"[0m  [["created_at", "2014-12-15 22:29:24.426059"], ["description", "lklkl"], ["title", "kkjkjkj"], ["updated_at", "2014-12-15 22:29:24.426059"]]
  [1m[35m (0.4ms)[0m  COMMIT
Redirected to http://localhost:3000/posts.2
Completed 302 Found in 11ms (ActiveRecord: 3.6ms)


Started GET "/posts.2" for 127.0.0.1 at 2014-12-15 17:29:24 -0500
Processing by PostsController#index as 
  Rendered posts/index.html.erb within layouts/application (0.4ms)
Completed 200 OK in 40ms (Views: 39.3ms | ActiveRecord: 0.0ms)


Started GET "/assets/application.css?body=1" for 127.0.0.1 at 2014-12-15 17:29:24 -0500


Started GET "/assets/posts.css?body=1" for 127.0.0.1 at 2014-12-15 17:29:24 -0500


Started GET "/assets/jquery.js?body=1" for 127.0.0.1 at 2014-12-15 17:29:24 -0500


Started GET "/assets/jquery_ujs.js?body=1" for 127.0.0.1 at 2014-12-15 17:29:24 -0500


Started GET "/assets/posts.js?body=1" for 127.0.0.1 at 2014-12-15 17:29:24 -0500


Started GET "/assets/turbolinks.js?body=1" for 127.0.0.1 at 2014-12-15 17:29:24 -0500


Started GET "/assets/application.js?body=1" for 127.0.0.1 at 2014-12-15 17:29:24 -0500


Started GET "/posts.2" for 127.0.0.1 at 2014-12-15 17:30:26 -0500
  [1m[36mActiveRecord::SchemaMigration Load (0.5ms)[0m  [1mSELECT "schema_migrations".* FROM "schema_migrations"[0m
Processing by PostsController#index as 
  Rendered posts/index.html.erb within layouts/application (1.7ms)
Completed 200 OK in 119ms (Views: 108.8ms | ActiveRecord: 0.0ms)


Started GET "/assets/posts.css?body=1" for 127.0.0.1 at 2014-12-15 17:30:27 -0500


Started GET "/assets/application.css?body=1" for 127.0.0.1 at 2014-12-15 17:30:27 -0500


Started GET "/assets/turbolinks.js?body=1" for 127.0.0.1 at 2014-12-15 17:30:27 -0500


Started GET "/assets/posts.js?body=1" for 127.0.0.1 at 2014-12-15 17:30:27 -0500


Started GET "/assets/jquery.js?body=1" for 127.0.0.1 at 2014-12-15 17:30:27 -0500


Started GET "/assets/jquery_ujs.js?body=1" for 127.0.0.1 at 2014-12-15 17:30:27 -0500


Started GET "/assets/application.js?body=1" for 127.0.0.1 at 2014-12-15 17:30:27 -0500


Started GET "/posts" for 127.0.0.1 at 2014-12-15 17:30:28 -0500
Processing by PostsController#index as HTML
  Rendered posts/index.html.erb within layouts/application (0.3ms)
Completed 200 OK in 29ms (Views: 27.9ms | ActiveRecord: 0.0ms)


Started GET "/assets/application.css?body=1" for 127.0.0.1 at 2014-12-15 17:30:28 -0500


Started GET "/assets/posts.css?body=1" for 127.0.0.1 at 2014-12-15 17:30:28 -0500


Started GET "/assets/jquery_ujs.js?body=1" for 127.0.0.1 at 2014-12-15 17:30:28 -0500


Started GET "/assets/posts.js?body=1" for 127.0.0.1 at 2014-12-15 17:30:28 -0500


Started GET "/assets/turbolinks.js?body=1" for 127.0.0.1 at 2014-12-15 17:30:28 -0500


Started GET "/assets/application.js?body=1" for 127.0.0.1 at 2014-12-15 17:30:28 -0500


Started GET "/assets/jquery.js?body=1" for 127.0.0.1 at 2014-12-15 17:30:28 -0500


Started GET "/posts/new" for 127.0.0.1 at 2014-12-15 17:30:30 -0500
Processing by PostsController#new as HTML
  Rendered posts/new.html.erb within layouts/application (86.3ms)
Completed 200 OK in 123ms (Views: 110.6ms | ActiveRecord: 7.8ms)


Started POST "/posts" for 127.0.0.1 at 2014-12-15 17:30:47 -0500
Processing by PostsController#create as HTML
  Parameters: {"utf8"=>"✓", "authenticity_token"=>"XG6t8J1/4e/bLSgu8Ibov7EOZsI1ET1ahAuy3/dD6lM=", "post"=>{"title"=>"asd", "description"=>"asd"}, "commit"=>"Submit"}
  [1m[35m (0.1ms)[0m  BEGIN
  [1m[36mSQL (0.5ms)[0m  [1mINSERT INTO "posts" ("created_at", "description", "title", "updated_at") VALUES ($1, $2, $3, $4) RETURNING "id"[0m  [["created_at", "2014-12-15 22:30:47.875955"], ["description", "asd"], ["title", "asd"], ["updated_at", "2014-12-15 22:30:47.875955"]]
  [1m[35m (0.5ms)[0m  COMMIT
Redirected to http://localhost:3000/posts
Completed 302 Found in 7ms (ActiveRecord: 1.3ms)


Started GET "/posts" for 127.0.0.1 at 2014-12-15 17:30:47 -0500
Processing by PostsController#index as HTML
  Rendered posts/index.html.erb within layouts/application (0.1ms)
Completed 200 OK in 43ms (Views: 41.6ms | ActiveRecord: 0.0ms)


Started GET "/assets/posts.css?body=1" for 127.0.0.1 at 2014-12-15 17:30:47 -0500


Started GET "/assets/jquery.js?body=1" for 127.0.0.1 at 2014-12-15 17:30:47 -0500


Started GET "/assets/application.css?body=1" for 127.0.0.1 at 2014-12-15 17:30:47 -0500


Started GET "/assets/jquery_ujs.js?body=1" for 127.0.0.1 at 2014-12-15 17:30:47 -0500


Started GET "/assets/posts.js?body=1" for 127.0.0.1 at 2014-12-15 17:30:47 -0500


Started GET "/assets/turbolinks.js?body=1" for 127.0.0.1 at 2014-12-15 17:30:48 -0500


Started GET "/assets/application.js?body=1" for 127.0.0.1 at 2014-12-15 17:30:48 -0500


Started GET "/posts/new" for 127.0.0.1 at 2014-12-15 17:47:03 -0500
  [1m[36mActiveRecord::SchemaMigration Load (0.4ms)[0m  [1mSELECT "schema_migrations".* FROM "schema_migrations"[0m
Processing by PostsController#new as HTML
  Rendered posts/new.html.erb within layouts/application (14.0ms)
Completed 200 OK in 137ms (Views: 123.2ms | ActiveRecord: 2.6ms)


Started GET "/posts/new" for 127.0.0.1 at 2014-12-15 17:47:08 -0500
Processing by PostsController#new as HTML
  Rendered posts/new.html.erb within layouts/application (2.1ms)
Completed 200 OK in 28ms (Views: 27.2ms | ActiveRecord: 0.0ms)


Started GET "/assets/application.css?body=1" for 127.0.0.1 at 2014-12-15 17:47:08 -0500


Started GET "/assets/jquery.js?body=1" for 127.0.0.1 at 2014-12-15 17:47:08 -0500


Started GET "/assets/posts.css?body=1" for 127.0.0.1 at 2014-12-15 17:47:08 -0500


Started GET "/assets/jquery_ujs.js?body=1" for 127.0.0.1 at 2014-12-15 17:47:08 -0500


Started GET "/assets/turbolinks.js?body=1" for 127.0.0.1 at 2014-12-15 17:47:08 -0500


Started GET "/assets/application.js?body=1" for 127.0.0.1 at 2014-12-15 17:47:08 -0500


Started GET "/assets/posts.js?body=1" for 127.0.0.1 at 2014-12-15 17:47:08 -0500


Started POST "/posts" for 127.0.0.1 at 2014-12-15 17:47:12 -0500
Processing by PostsController#create as HTML
  Parameters: {"utf8"=>"✓", "authenticity_token"=>"XG6t8J1/4e/bLSgu8Ibov7EOZsI1ET1ahAuy3/dD6lM=", "post"=>{"title"=>"asdf", "description"=>"asdf"}, "commit"=>"Submit"}
  [1m[35m (0.1ms)[0m  BEGIN
  [1m[36mSQL (0.5ms)[0m  [1mINSERT INTO "posts" ("created_at", "description", "title", "updated_at") VALUES ($1, $2, $3, $4) RETURNING "id"[0m  [["created_at", "2014-12-15 22:47:12.359952"], ["description", "asdf"], ["title", "asdf"], ["updated_at", "2014-12-15 22:47:12.359952"]]
  [1m[35m (0.8ms)[0m  COMMIT
Redirected to http://localhost:3000/posts/4
Completed 302 Found in 7ms (ActiveRecord: 1.5ms)


Started GET "/posts/4" for 127.0.0.1 at 2014-12-15 17:47:12 -0500
Processing by PostsController#show as HTML
  Parameters: {"id"=>"4"}
  [1m[36mPost Load (0.3ms)[0m  [1mSELECT  "posts".* FROM "posts"  WHERE "posts"."id" = $1 LIMIT 1[0m  [["id", 4]]
  Rendered posts/show.html.erb within layouts/application (1.6ms)
Completed 200 OK in 39ms (Views: 36.0ms | ActiveRecord: 0.3ms)


Started GET "/assets/posts.css?body=1" for 127.0.0.1 at 2014-12-15 17:47:12 -0500


Started GET "/assets/application.css?body=1" for 127.0.0.1 at 2014-12-15 17:47:12 -0500


Started GET "/assets/posts.js?body=1" for 127.0.0.1 at 2014-12-15 17:47:12 -0500


Started GET "/assets/jquery.js?body=1" for 127.0.0.1 at 2014-12-15 17:47:12 -0500


Started GET "/assets/jquery_ujs.js?body=1" for 127.0.0.1 at 2014-12-15 17:47:12 -0500


Started GET "/assets/turbolinks.js?body=1" for 127.0.0.1 at 2014-12-15 17:47:12 -0500


Started GET "/assets/application.js?body=1" for 127.0.0.1 at 2014-12-15 17:47:12 -0500
